
> GJ@0.0.0 start /Users/user/Desktop/GJ
> node ./bin/www

[0mGET /getBrands [32m200 [0m198.450 ms - 64535[0m
/Users/user/Desktop/GJ/routes/index.js:92
        user['image'] = file;
                      ^

TypeError: Cannot set property 'image' of null
    at /Users/user/Desktop/GJ/routes/index.js:92:23
    at /Users/user/Desktop/GJ/node_modules/multiparty/index.js:129:9
    at /Users/user/Desktop/GJ/node_modules/multiparty/index.js:108:9
    at doNTCallback0 (node.js:428:9)
    at process._tickCallback (node.js:357:13)

npm ERR! Darwin 15.2.0
npm ERR! argv "/Users/user/.nvm/versions/node/v5.0.0/bin/node" "/Users/user/.nvm/versions/node/v5.0.0/bin/npm" "start"
npm ERR! node v5.0.0
npm ERR! npm  v3.9.1
npm ERR! code ELIFECYCLE
npm ERR! GJ@0.0.0 start: `node ./bin/www`
npm ERR! Exit status 1
npm ERR! 
npm ERR! Failed at the GJ@0.0.0 start script 'node ./bin/www'.
npm ERR! Make sure you have the latest version of node.js and npm installed.
npm ERR! If you do, this is most likely a problem with the GJ package,
npm ERR! not with npm itself.
npm ERR! Tell the author that this fails on your system:
npm ERR!     node ./bin/www
npm ERR! You can get information on how to open an issue for this project with:
npm ERR!     npm bugs GJ
npm ERR! Or if that isn't available, you can get their info via:
npm ERR!     npm owner ls GJ
npm ERR! There is likely additional logging output above.

npm ERR! Please include the following file with any support request:
npm ERR!     /Users/user/Desktop/GJ/bin/npm-debug.log

> GJ@0.0.0 start /Users/user/Desktop/GJ
> node ./bin/www

[0mGET /getBrands [36m304 [0m193.086 ms - -[0m
5748af9dc32add9476910ba6
[0mPOST /uploadPicProfile/5748af9dc32add9476910ba6 [32m200 [0m15.828 ms - 30[0m
[0mGET /images/2PHrMBvUFZtYZihLp_lm-MD-.jpg [32m200 [0m4.498 ms - 8546[0m
[0mGET /getUpdated/573ca16271bd78aae9d2d5fd [36m304 [0m13.186 ms - -[0m
[0mGET /getUpdated/573ca16271bd78aae9d2d5fd [36m304 [0m5.996 ms - -[0m
[0mGET /getUpdated/573ca16271bd78aae9d2d5fd [36m304 [0m13.221 ms - -[0m
[0mGET /images/2PHrMBvUFZtYZihLp_lm-MD-.jpg [36m304 [0m4.445 ms - -[0m
[0mGET /images/2PHrMBvUFZtYZihLp_lm-MD-.jpg [36m304 [0m2.584 ms - -[0m
[0mGET /images/2PHrMBvUFZtYZihLp_lm-MD-.jpg [36m304 [0m0.684 ms - -[0m
nohup: nodemon: No such file or directory
nohup: nodemon: No such file or directory
[0mGET / [32m200 [0m17.860 ms - 207[0m
[0mGET /stylesheets/style.css [36m304 [0m5.780 ms - -[0m
[0mGET / [32m200 [0m2.513 ms - 207[0m
[0mGET /stylesheets/style.css [36m304 [0m0.717 ms - -[0m
