
> GJ@0.0.0 start /Users/user/Desktop/GJ
> node ./bin/www

[0mGET / [36m304 [0m17.372 ms - -[0m
[0mGET /stylesheets/style.css [36m304 [0m3.416 ms - -[0m
[0mGET / [32m200 [0m2.743 ms - 207[0m
[0mGET /stylesheets/style.css [36m304 [0m1.247 ms - -[0m

> GJ@0.0.0 start /Users/user/Desktop/GJ
> node ./bin/www

Port 3000 is already in use

npm ERR! Darwin 15.2.0
npm ERR! argv "/Users/user/.nvm/versions/node/v5.0.0/bin/node" "/Users/user/.nvm/versions/node/v5.0.0/bin/npm" "start"
npm ERR! node v5.0.0
npm ERR! npm  v3.9.1
npm ERR! code ELIFECYCLE
npm ERR! GJ@0.0.0 start: `node ./bin/www`
npm ERR! Exit status 1
npm ERR! 
npm ERR! Failed at the GJ@0.0.0 start script 'node ./bin/www'.
npm ERR! Make sure you have the latest version of node.js and npm installed.
npm ERR! If you do, this is most likely a problem with the GJ package,
npm ERR! not with npm itself.
npm ERR! Tell the author that this fails on your system:
npm ERR!     node ./bin/www
npm ERR! You can get information on how to open an issue for this project with:
npm ERR!     npm bugs GJ
npm ERR! Or if that isn't available, you can get their info via:
npm ERR!     npm owner ls GJ
npm ERR! There is likely additional logging output above.

npm ERR! Please include the following file with any support request:
npm ERR!     /Users/user/Desktop/GJ/npm-debug.log
